[
  {
    "level": "INFO",
    "message": "android.ndkVersion from module build.gradle is not set"
  },
  {
    "level": "INFO",
    "message": "ndk.dir in local.properties is /Users/aa850845/Library/Android/sdk/23.0.7123448"
  },
  {
    "level": "INFO",
    "message": "ANDROID_NDK_HOME environment variable is not set"
  },
  {
    "level": "INFO",
    "message": "sdkFolder is /Users/aa850845/Library/Android/sdk"
  },
  {
    "level": "INFO",
    "message": "Considering /Users/aa850845/Library/Android/sdk/23.0.7123448 by ndk.dir"
  },
  {
    "level": "INFO",
    "message": "Considering /Users/aa850845/Library/Android/sdk/ndk-bundle in SDK ndk-bundle folder"
  },
  {
    "level": "INFO",
    "message": "Considering /Users/aa850845/Library/Android/sdk/ndk/22.0.7026061 in SDK ndk folder"
  },
  {
    "level": "INFO",
    "message": "Considering /Users/aa850845/Library/Android/sdk/ndk/21.1.6352462 in SDK ndk folder"
  },
  {
    "level": "INFO",
    "message": "Considering /Users/aa850845/Library/Android/sdk/ndk/23.0.7123448 in SDK ndk folder"
  },
  {
    "level": "INFO",
    "message": "Rejected /Users/aa850845/Library/Android/sdk/23.0.7123448 by ndk.dir because that location has no source.properties"
  },
  {
    "level": "ERROR",
    "message": "Location specified by ndk.dir (/Users/aa850845/Library/Android/sdk/23.0.7123448) did not contain a valid NDK and and couldn\u0027t be used"
  },
  {
    "level": "INFO",
    "message": "Using /Users/aa850845/Library/Android/sdk/ndk/23.0.7123448 which is version 23.0.7123448 as fallback but build will fail"
  }
]